This is pdfTeX, Version 3.14159265-2.6-1.40.20 (MiKTeX 2.9.7250 64-bit) (preloaded format=pdflatex 2019.12.10)  27 DEC 2019 14:53
entering extended mode
**"c:/Users/jakob/Documents/TUP/seminarska/tex/JakobMarušič Seminarska naloga.tex"
("c:/Users/jakob/Documents/TUP/seminarska/tex/JakobMarušič Seminarska naloga.tex"
LaTeX2e <2019-10-01> patch level 3
("C:\Users\jakob\AppData\Local\Programs\MiKTeX 2.9\tex/latex/base\report.cls"
Document Class: report 2019/10/25 v1.4k Standard LaTeX document class
("C:\Users\jakob\AppData\Local\Programs\MiKTeX 2.9\tex/latex/base\size11.clo"
File: size11.clo 2019/10/25 v1.4k Standard LaTeX file (size option)
)
\c@part=\count80
\c@chapter=\count81
\c@section=\count82
\c@subsection=\count83
\c@subsubsection=\count84
\c@paragraph=\count85
\c@subparagraph=\count86
\c@figure=\count87
\c@table=\count88
\abovecaptionskip=\skip41
\belowcaptionskip=\skip42
\bibindent=\dimen102
) ("C:\Users\jakob\AppData\Local\Programs\MiKTeX 2.9\tex/generic/babel\babel.sty"
Package: babel 2019/11/14 3.36 The Babel package
 ("C:\Users\jakob\AppData\Local\Programs\MiKTeX 2.9\tex/generic/babel\switch.def"
File: switch.def 2019/11/14 3.36 Babel switching mechanism
)
*************************************
* Local config file bblopts.cfg used
*
("C:\Users\jakob\AppData\Local\Programs\MiKTeX 2.9\tex/latex/arabi\bblopts.cfg"
File: bblopts.cfg 2005/09/08 v0.1 add Arabic and Farsi to "declared" options of babel
) ("C:\Users\jakob\AppData\Local\Programs\MiKTeX 2.9\tex/latex/babel-slovenian\slovene.ldf"
Language: slovene 2005/03/31 v1.2m Slovene support from the babel system
 ("C:\Users\jakob\AppData\Local\Programs\MiKTeX 2.9\tex/generic/babel\babel.def"
File: babel.def 2019/11/14 3.36 Babel common definitions
\babel@savecnt=\count89
\U@D=\dimen103
 ("C:\Users\jakob\AppData\Local\Programs\MiKTeX 2.9\tex/generic/babel\txtbabel.def")
\bbl@dirlevel=\count90
)
Package babel Info: Making " an active character on input line 79.
)) ("C:\Users\jakob\AppData\Local\Programs\MiKTeX 2.9\tex/latex/listings\listings.sty" ("C:\Users\jakob\AppData\Local\Programs\MiKTeX 2.9\tex/latex/graphics\keyval.sty"
Package: keyval 2014/10/28 v1.15 key=value parser (DPC)
\KV@toks@=\toks14
)
\lst@mode=\count91
\lst@gtempboxa=\box27
\lst@token=\toks15
\lst@length=\count92
\lst@currlwidth=\dimen104
\lst@column=\count93
\lst@pos=\count94
\lst@lostspace=\dimen105
\lst@width=\dimen106
\lst@newlines=\count95
\lst@lineno=\count96
\lst@maxwidth=\dimen107
 ("C:\Users\jakob\AppData\Local\Programs\MiKTeX 2.9\tex/latex/listings\lstmisc.sty"
File: lstmisc.sty 2019/09/10 1.8c (Carsten Heinz)
\c@lstnumber=\count97
\lst@skipnumbers=\count98
\lst@framebox=\box28
) ("C:\Users\jakob\AppData\Local\Programs\MiKTeX 2.9\tex/latex/listings\listings.cfg"
File: listings.cfg 2019/09/10 1.8c listings configuration
))
Package: listings 2019/09/10 1.8c (Carsten Heinz)
 ("C:\Users\jakob\AppData\Local\Programs\MiKTeX 2.9\tex/latex/graphics\graphicx.sty"
Package: graphicx 2017/06/01 v1.1a Enhanced LaTeX Graphics (DPC,SPQR)
 ("C:\Users\jakob\AppData\Local\Programs\MiKTeX 2.9\tex/latex/graphics\graphics.sty"
Package: graphics 2019/11/01 v1.3d Standard LaTeX Graphics (DPC,SPQR)
 ("C:\Users\jakob\AppData\Local\Programs\MiKTeX 2.9\tex/latex/graphics\trig.sty"
Package: trig 2016/01/03 v1.10 sin cos tan (DPC)
) ("C:\Users\jakob\AppData\Local\Programs\MiKTeX 2.9\tex/latex/graphics-cfg\graphics.cfg"
File: graphics.cfg 2016/06/04 v1.11 sample graphics configuration
)
Package graphics Info: Driver file: pdftex.def on input line 105.
 ("C:\Users\jakob\AppData\Local\Programs\MiKTeX 2.9\tex/latex/graphics-def\pdftex.def"
File: pdftex.def 2018/01/08 v1.0l Graphics/color driver for pdftex
))
\Gin@req@height=\dimen108
\Gin@req@width=\dimen109
) ("C:\Users\jakob\AppData\Local\Programs\MiKTeX 2.9\tex/latex/placeins\placeins.sty"
Package: placeins 2005/04/18  v 2.2
) ("C:\Users\jakob\AppData\Local\Programs\MiKTeX 2.9\tex/latex/mdwtools\footnote.sty"
Package: footnote 1997/01/28 1.13 Save footnotes around boxes
\fn@notes=\box29
\fn@width=\dimen110
) ("C:\Users\jakob\AppData\Local\Programs\MiKTeX 2.9\tex/latex/listings\lstlang1.sty"
File: lstlang1.sty 2019/09/10 1.8c listings language file
) ("c:/Users\jakob\Documents\TUP\seminarska\tex\JakobMarušič Seminarska naloga.aux")
\openout1 = `"JakobMarušič Seminarska naloga.aux"'.

LaTeX Font Info:    Checking defaults for OML/cmm/m/it on input line 21.
LaTeX Font Info:    ... okay on input line 21.
LaTeX Font Info:    Checking defaults for T1/cmr/m/n on input line 21.
LaTeX Font Info:    ... okay on input line 21.
LaTeX Font Info:    Checking defaults for OT1/cmr/m/n on input line 21.
LaTeX Font Info:    ... okay on input line 21.
LaTeX Font Info:    Checking defaults for OMS/cmsy/m/n on input line 21.
LaTeX Font Info:    ... okay on input line 21.
LaTeX Font Info:    Checking defaults for OMX/cmex/m/n on input line 21.
LaTeX Font Info:    ... okay on input line 21.
LaTeX Font Info:    Checking defaults for U/cmr/m/n on input line 21.
LaTeX Font Info:    ... okay on input line 21.
\c@lstlisting=\count99
 ("C:\Users\jakob\AppData\Local\Programs\MiKTeX 2.9\tex/context/base/mkii\supp-pdf.mkii"
[Loading MPS to PDF converter (version 2006.09.02).]
\scratchcounter=\count100
\scratchdimen=\dimen111
\scratchbox=\box30
\nofMPsegments=\count101
\nofMParguments=\count102
\everyMPshowfont=\toks16
\MPscratchCnt=\count103
\MPscratchDim=\dimen112
\MPnumerator=\count104
\makeMPintoPDFobject=\count105
\everyMPtoPDFconversion=\toks17
) ("C:\Users\jakob\AppData\Local\Programs\MiKTeX 2.9\tex/latex/epstopdf-pkg\epstopdf-base.sty"
Package: epstopdf-base 2019/11/24 v2.7 Base part for package epstopdf
 ("C:\Users\jakob\AppData\Local\Programs\MiKTeX 2.9\tex/generic/oberdiek\infwarerr.sty"
Package: infwarerr 2016/05/16 v1.4 Providing info/warning/error messages (HO)
) ("C:\Users\jakob\AppData\Local\Programs\MiKTeX 2.9\tex/latex/oberdiek\grfext.sty"
Package: grfext 2016/05/16 v1.2 Manage graphics extensions (HO)
 ("C:\Users\jakob\AppData\Local\Programs\MiKTeX 2.9\tex/generic/oberdiek\kvdefinekeys.sty"
Package: kvdefinekeys 2016/05/16 v1.4 Define keys (HO)
 ("C:\Users\jakob\AppData\Local\Programs\MiKTeX 2.9\tex/generic/oberdiek\ltxcmds.sty"
Package: ltxcmds 2016/05/16 v1.23 LaTeX kernel commands for general use (HO)
))) ("C:\Users\jakob\AppData\Local\Programs\MiKTeX 2.9\tex/latex/oberdiek\kvoptions.sty"
Package: kvoptions 2016/05/16 v3.12 Key value format for package options (HO)
 ("C:\Users\jakob\AppData\Local\Programs\MiKTeX 2.9\tex/generic/oberdiek\kvsetkeys.sty"
Package: kvsetkeys 2016/05/16 v1.17 Key value parser (HO)
 ("C:\Users\jakob\AppData\Local\Programs\MiKTeX 2.9\tex/generic/oberdiek\etexcmds.sty"
Package: etexcmds 2016/05/16 v1.6 Avoid name clashes with e-TeX commands (HO)
 ("C:\Users\jakob\AppData\Local\Programs\MiKTeX 2.9\tex/generic/iftex\ifluatex.sty"
Package: ifluatex 2019/10/25 v1.5 ifluatex legacy package. Use iftex instead.
 ("C:\Users\jakob\AppData\Local\Programs\MiKTeX 2.9\tex/generic/iftex\iftex.sty"
Package: iftex 2019/11/07 v1.0c TeX engine tests
))))) ("C:\Users\jakob\AppData\Local\Programs\MiKTeX 2.9\tex/latex/pdftexcmds\pdftexcmds.sty"
Package: pdftexcmds 2019/11/24 v0.31 Utility functions of pdfTeX for LuaTeX (HO)
Package pdftexcmds Info: \pdf@primitive is available.
Package pdftexcmds Info: \pdf@ifprimitive is available.
Package pdftexcmds Info: \pdfdraftmode found.
)
Package epstopdf-base Info: Redefining graphics rule for `.eps' on input line 442.
Package grfext Info: Graphics extension search list:
(grfext)             [.pdf,.png,.jpg,.mps,.jpeg,.jbig2,.jb2,.PDF,.PNG,.JPG,.JPEG,.JBIG2,.JB2,.eps]
(grfext)             \AppendGraphicsExtensions on input line 460.
) [1

{C:/Users/jakob/AppData/Local/MiKTeX/2.9/pdftex/config/pdftex.map}] [2

]
Poglavje 1.

Overfull \hbox (10.04968pt too wide) in paragraph at lines 48--51
\OT1/cmr/m/n/10.95 Testiranje se bo iz-va-jalo na treh pro-sto do-sto-pnih po-dat-kov-nih ba-zah: MySQL,
 []


Underfull \hbox (badness 10000) in paragraph at lines 48--51

 []

LaTeX Font Info:    External font `cmex10' loaded for size
(Font)              <10.95> on input line 56.
LaTeX Font Info:    External font `cmex10' loaded for size
(Font)              <8> on input line 56.
LaTeX Font Info:    External font `cmex10' loaded for size
(Font)              <6> on input line 56.

Overfull \hbox (3.29709pt too wide) in paragraph at lines 83--84
\OT1/cmr/m/n/10.95 Podatkovna baza je bila namescena in se je iz-va-jala na racunalniku s sledecimi
 []

[3

]
LaTeX Font Info:    External font `cmex10' loaded for size
(Font)              <9> on input line 98.
LaTeX Font Info:    External font `cmex10' loaded for size
(Font)              <5> on input line 98.

Underfull \hbox (badness 10000) in paragraph at lines 112--115

 []


Overfull \hbox (26.21257pt too wide) in paragraph at lines 117--128
 [] 
 []


Underfull \hbox (badness 10000) in paragraph at lines 131--134

 []

[4] [5]
Poglavje 2.
<./pics/konceptni.png, id=27, 653.44125pt x 487.8225pt>
File: ./pics/konceptni.png Graphic file (type png)
<use ./pics/konceptni.png>
Package pdftex.def Info: ./pics/konceptni.png  used on input line 143.
(pdftex.def)             Requested size: 360.0pt x 268.74982pt.
[6

 <./pics/konceptni.png>]
<./pics/fizicni-mysql.png, id=33, 599.99156pt x 472.01344pt>
File: ./pics/fizicni-mysql.png Graphic file (type png)
<use ./pics/fizicni-mysql.png>
Package pdftex.def Info: ./pics/fizicni-mysql.png  used on input line 167.
(pdftex.def)             Requested size: 360.0pt x 283.21745pt.

Overfull \hbox (81.12955pt too wide) in paragraph at lines 170--171
[]\OT1/cmr/m/n/10.95 Skripta za ustvar-ja-nje po-dat-kovne baze je shra-njena v da-to-teki $[]$. 
 []

<./pics/fizicni-postgres.png, id=34, 616.55344pt x 477.28313pt>
File: ./pics/fizicni-postgres.png Graphic file (type png)
<use ./pics/fizicni-postgres.png>
Package pdftex.def Info: ./pics/fizicni-postgres.png  used on input line 174.
(pdftex.def)             Requested size: 360.0pt x 278.68878pt.

Overfull \hbox (74.90303pt too wide) in paragraph at lines 177--178
\OT1/cmr/m/n/10.95 Skripta za ustvar-ja-nje po-dat-kovne baze je shra-njena v da-to-teki $[]$. 
 []

<./pics/fizicni-mssql.png, id=35, 605.26125pt x 469.755pt>
File: ./pics/fizicni-mssql.png Graphic file (type png)
<use ./pics/fizicni-mssql.png>
Package pdftex.def Info: ./pics/fizicni-mssql.png  used on input line 181.
(pdftex.def)             Requested size: 360.0pt x 279.40376pt.
[7 <./pics/fizicni-mysql.png>]
Overfull \hbox (63.29007pt too wide) in paragraph at lines 184--185
\OT1/cmr/m/n/10.95 Skripta za ustvar-ja-nje po-dat-kovne baze je shra-njena v da-to-teki $[]$. 
 []

[8 <./pics/fizicni-postgres.png>] [9 <./pics/fizicni-mssql.png>]
Poglavje 3.
[10

]
Underfull \hbox (badness 10000) in paragraph at lines 213--216

 []


Overfull \hbox (40.53252pt too wide) in paragraph at lines 218--228
 [] 
 []

<./pics/vstavljanje001.png, id=52, 720.44156pt x 435.12563pt>
File: ./pics/vstavljanje001.png Graphic file (type png)
<use ./pics/vstavljanje001.png>
Package pdftex.def Info: ./pics/vstavljanje001.png  used on input line 231.
(pdftex.def)             Requested size: 360.0pt x 217.42949pt.
[11 <./pics/vstavljanje001.png>]
Underfull \hbox (badness 10000) in paragraph at lines 237--245

 []


Underfull \hbox (badness 10000) in paragraph at lines 237--245

 []


Underfull \hbox (badness 10000) in paragraph at lines 237--245

 []


Overfull \hbox (28.71309pt too wide) in paragraph at lines 247--257
 [] 
 []


Underfull \hbox (badness 10000) in paragraph at lines 260--262

 []


Underfull \hbox (badness 10000) in paragraph at lines 260--262

 []


Overfull \hbox (45.82495pt too wide) in paragraph at lines 275--285
 [] 
 []

[12] [13]
Overfull \hbox (80.55757pt too wide) in paragraph at lines 334--344
 [] 
 []


Overfull \hbox (80.55757pt too wide) in paragraph at lines 349--359
 [] 
 []


Underfull \hbox (badness 10000) in paragraph at lines 360--364

 []


Overfull \hbox (40.62178pt too wide) in paragraph at lines 368--378
 [] 
 []


Underfull \hbox (badness 10000) in paragraph at lines 379--383

 []

[14]
Overfull \hbox (14.97354pt too wide) in paragraph at lines 388--398
 [] 
 []

LaTeX Font Info:    Trying to load font information for OML+cmr on input line 419.
("C:\Users\jakob\AppData\Local\Programs\MiKTeX 2.9\tex/latex/base\omlcmr.fd"
File: omlcmr.fd 2014/09/29 v2.5h Standard LaTeX font definitions
)
LaTeX Font Info:    Font shape `OML/cmr/m/n' in size <10.95> not available
(Font)              Font shape `OML/cmm/m/it' tried instead on input line 419.

Overfull \hbox (80.55757pt too wide) in paragraph at lines 429--439
 [] 
 []


Overfull \hbox (14.97354pt too wide) in paragraph at lines 442--452
 [] 
 []

[15] [16] ("c:/Users\jakob\Documents\TUP\seminarska\tex\JakobMarušič Seminarska naloga.aux") ) 
Here is how much of TeX's memory you used:
 4167 strings out of 492484
 59116 string characters out of 3121600
 326864 words of memory out of 3000000
 8461 multiletter control sequences out of 15000+200000
 11992 words of font info for 41 fonts, out of 3000000 for 9000
 1141 hyphenation exceptions out of 8191
 55i,14n,40p,473b,1586s stack positions out of 5000i,500n,10000p,200000b,50000s
<C:/Users/jakob/AppData/Local/Programs/MiKTeX 2.9/fonts/type1/public/amsfonts/cm/cmbx10.pfb><C:/Users/jakob/AppData/Local/Programs/MiKTeX 2.9/fonts/type1/public/amsfonts/cm/cmbx12.pfb><C:/Users/jakob/AppData/Local/Programs/MiKTeX 2.9/fonts/type1/public/amsfonts/cm/cmbxti10.pfb><C:/Users/jakob/AppData/Local/Programs/MiKTeX 2.9/fonts/type1/public/amsfonts/cm/cmcsc10.pfb><C:/Users/jakob/AppData/Local/Programs/MiKTeX 2.9/fonts/type1/public/amsfonts/cm/cmmi10.pfb><C:/Users/jakob/AppData/Local/Programs/MiKTeX 2.9/fonts/type1/public/amsfonts/cm/cmr10.pfb><C:/Users/jakob/AppData/Local/Programs/MiKTeX 2.9/fonts/type1/public/amsfonts/cm/cmr12.pfb><C:/Users/jakob/AppData/Local/Programs/MiKTeX 2.9/fonts/type1/public/amsfonts/cm/cmr6.pfb><C:/Users/jakob/AppData/Local/Programs/MiKTeX 2.9/fonts/type1/public/amsfonts/cm/cmr8.pfb><C:/Users/jakob/AppData/Local/Programs/MiKTeX 2.9/fonts/type1/public/amsfonts/cm/cmr9.pfb><C:/Users/jakob/AppData/Local/Programs/MiKTeX 2.9/fonts/type1/public/amsfonts/cm/cmsy10.pfb><C:/Users/jakob/AppData/Local/Programs/MiKTeX 2.9/fonts/type1/public/amsfonts/cm/cmti10.pfb>
Output written on "c:/Users\jakob\Documents\TUP\seminarska\tex\JakobMarušič Seminarska naloga.pdf" (16 pages, 786351 bytes).
PDF statistics:
 113 PDF objects out of 1000 (max. 8388607)
 0 named destinations out of 1000 (max. 500000)
 26 words of extra memory for PDF output out of 10000 (max. 10000000)

